<?xml version="1.0" encoding="UTF-8"?>
<!-- Generated by org.testng.reporters.JUnitReportReporter -->
<testsuite skipped="0" hostname="Sadeklaptop" name="demo.VerifyMultipleFeatures" tests="4" failures="0" timestamp="09 Feb 2019 04:17:53 GMT" time="0.566" errors="0">
  <testcase name="verifySignInBtnVisibility" time="0.130" classname="demo.VerifyMultipleFeatures"/>
  <testcase name="searchBtnDisabled" time="0.279" classname="demo.VerifyMultipleFeatures"/>
  <testcase name="verifyTitle" time="0.016" classname="demo.VerifyMultipleFeatures"/>
  <testcase name="verifyText" time="0.141" classname="demo.VerifyMultipleFeatures"/>
</testsuite> <!-- demo.VerifyMultipleFeatures -->
