<?xml version="1.0" encoding="UTF-8"?>
<!-- Generated by org.testng.reporters.JUnitReportReporter -->
<testsuite skipped="0" hostname="Sadeklaptop" name="demo.VerifyTitle" tests="1" failures="0" timestamp="09 Feb 2019 03:21:06 GMT" time="4.107" errors="0">
  <testcase name="titleVerification" time="4.107" classname="demo.VerifyTitle"/>
</testsuite> <!-- demo.VerifyTitle -->
