<?xml version="1.0" encoding="UTF-8"?>
<!-- Generated by org.testng.reporters.JUnitReportReporter -->
<testsuite skipped="0" hostname="Sadeklaptop" name="com.qa.test.GetAPITest" tests="1" failures="0" timestamp="22 May 2019 05:01:12 GMT" time="5.139" errors="0">
  <testcase name="getAPITest" time="5.139" classname="com.qa.test.GetAPITest"/>
</testsuite> <!-- com.qa.test.GetAPITest -->
