<?xml version="1.0" encoding="UTF-8"?>
<!-- Generated by org.testng.reporters.JUnitReportReporter -->
<testsuite skipped="1" hostname="Sadeklaptop" name="com.datadriven.test.EbayTest" tests="1" failures="0" timestamp="16 May 2019 07:15:42 GMT" time="0.000" errors="0">
  <testcase name="ebayRegPageTest" time="0.000" classname="com.datadriven.test.EbayTest">
    <skipped/>
  </testcase> <!-- ebayRegPageTest -->
</testsuite> <!-- com.datadriven.test.EbayTest -->
