<?xml version="1.0" encoding="UTF-8"?>
<!-- Generated by org.testng.reporters.JUnitReportReporter -->
<testsuite skipped="0" hostname="Sadeklaptop" name="com.demoaut.newtours.Testscripts.TicketBookingTest" tests="1" failures="0" timestamp="11 Feb 2019 06:12:03 GMT" time="12.625" errors="0">
  <testcase name="bookATicket" time="12.625" classname="com.demoaut.newtours.Testscripts.TicketBookingTest"/>
</testsuite> <!-- com.demoaut.newtours.Testscripts.TicketBookingTest -->
