<?xml version="1.0" encoding="UTF-8"?>
<!-- Generated by org.testng.reporters.JUnitReportReporter -->
<testsuite skipped="0" hostname="Sadeklaptop" name="com.demoaut.newtours.Testscripts.InvalidCredentialTest" tests="1" failures="0" timestamp="11 Feb 2019 06:12:03 GMT" time="2.871" errors="0">
  <testcase name="validateUser" time="2.871" classname="com.demoaut.newtours.Testscripts.InvalidCredentialTest"/>
</testsuite> <!-- com.demoaut.newtours.Testscripts.InvalidCredentialTest -->
