<?xml version="1.0" encoding="UTF-8"?>
<!-- Generated by org.testng.reporters.JUnitReportReporter -->
<testsuite skipped="0" hostname="Sadeklaptop" name="com.demoaut.newtours.Testscripts.UserValidation" tests="1" failures="0" timestamp="11 Feb 2019 05:40:04 GMT" time="6.792" errors="0">
  <testcase name="validateUser" time="6.792" classname="com.demoaut.newtours.Testscripts.UserValidation"/>
</testsuite> <!-- com.demoaut.newtours.Testscripts.UserValidation -->
