<?xml version="1.0" encoding="UTF-8"?>
<!-- Generated by org.testng.reporters.JUnitReportReporter -->
<testsuite skipped="0" hostname="Sadeklaptop" name="com.demoaut.newtours.Testscripts.UserValidationTest" tests="1" failures="0" timestamp="11 Feb 2019 06:12:03 GMT" time="6.161" errors="0">
  <testcase name="validateUser" time="6.161" classname="com.demoaut.newtours.Testscripts.UserValidationTest"/>
</testsuite> <!-- com.demoaut.newtours.Testscripts.UserValidationTest -->
